<?xml version="1.0" encoding="UTF-8"?>
<!-- Generated by org.testng.reporters.JUnitXMLReporter -->
<testsuite hostname="LAPTOP-6OEIG7PG" ignored="4" name="Default test" tests="8" failures="0" timestamp="2021-10-11T10:05:23 IST" time="8.672" errors="0">
  <testcase name="addingContact" time="4.083" classname="day1.ContactsList"/>
  <testcase name="addingContactBigSize" time="0.653" classname="day1.ContactsList"/>
  <testcase name="addingInvalidEmailId" time="0.632" classname="day1.ContactsList"/>
  <testcase name="addingInvalidFirstName" time="0.68" classname="day1.ContactsList"/>
  <testcase name="UpdatingContact" time="0.656" classname="day1.ContactsList"/>
  <testcase name="getSpecificContact3" time="0.62" classname="day1.ContactsList"/>
  <testcase name="deleteRecord" time="0.641" classname="day1.ContactsList"/>
  <testcase name="getSpecificContact4" time="0.631" classname="day1.ContactsList"/>
  <testcase name="getContactListInfo" time="0.0" classname="day1.ContactsList">
    <ignored/>
  </testcase> <!-- getContactListInfo -->
  <testcase name="getSpecificContact" time="0.0" classname="day1.ContactsList">
    <ignored/>
  </testcase> <!-- getSpecificContact -->
  <testcase name="addingContactMissing" time="0.0" classname="day1.ContactsList">
    <ignored/>
  </testcase> <!-- addingContactMissing -->
  <testcase name="getSpecificContact2" time="0.0" classname="day1.ContactsList">
    <ignored/>
  </testcase> <!-- getSpecificContact2 -->
</testsuite> <!-- Default test -->
